<?xml version="1.0" encoding="UTF-8"?>
<testsuite xmlns:xsi="http://www.w3.org/2001/XMLSchema-instance" xsi:schemaLocation="https://maven.apache.org/surefire/maven-surefire-plugin/xsd/surefire-test-report.xsd" name="NormalAnimalTest" time="0.161" tests="7" errors="7" skipped="0" failures="0">
  <properties>
[...]
</properties>
  <testcase name="save_savesNormalAnimalInstanceToDB_NormalAnimal" classname="NormalAnimalTest" time="0">
    <error message="Could not acquire a connection from DataSource - FATAL: password authentication failed for user &quot;billyayiera&quot;" type="org.sql2o.Sql2oException">org.sql2o.Sql2oException: Could not acquire a connection from DataSource - FATAL: password authentication failed for user "billyayiera"
Caused by: org.postgresql.util.PSQLException: FATAL: password authentication failed for user "billyayiera"
</error>
  </testcase>
  <testcase name="all_returnsAllInstancesOfNormalAnimal_true" classname="NormalAnimalTest" time="0.044">
    <error message="Could not acquire a connection from DataSource - FATAL: password authentication failed for user &quot;billyayiera&quot;" type="org.sql2o.Sql2oException">org.sql2o.Sql2oException: Could not acquire a connection from DataSource - FATAL: password authentication failed for user "billyayiera"
Caused by: org.postgresql.util.PSQLException: FATAL: password authentication failed for user "billyayiera"
</error>
  </testcase>
  <testcase name="getSighting_retrievesAllSightingFromDB_monsterList" classname="NormalAnimalTest" time="0.035">
    <error message="Could not acquire a connection from DataSource - FATAL: password authentication failed for user &quot;billyayiera&quot;" type="org.sql2o.Sql2oException">org.sql2o.Sql2oException: Could not acquire a connection from DataSource - FATAL: password authentication failed for user "billyayiera"
Caused by: org.postgresql.util.PSQLException: FATAL: password authentication failed for user "billyayiera"
</error>
  </testcase>
  <testcase name="NormalAnimal_instanceOfNormalAnimal_true" classname="NormalAnimalTest" time="0.018">
    <error message="Could not acquire a connection from DataSource - FATAL: password authentication failed for user &quot;billyayiera&quot;" type="org.sql2o.Sql2oException">org.sql2o.Sql2oException: Could not acquire a connection from DataSource - FATAL: password authentication failed for user "billyayiera"
Caused by: org.postgresql.util.PSQLException: FATAL: password authentication failed for user "billyayiera"
</error>
  </testcase>
  <testcase name="getName_returnNameOfNormalAnimal_cat" classname="NormalAnimalTest" time="0.017">
    <error message="Could not acquire a connection from DataSource - FATAL: password authentication failed for user &quot;billyayiera&quot;" type="org.sql2o.Sql2oException">org.sql2o.Sql2oException: Could not acquire a connection from DataSource - FATAL: password authentication failed for user "billyayiera"
Caused by: org.postgresql.util.PSQLException: FATAL: password authentication failed for user "billyayiera"
</error>
  </testcase>
  <testcase name="equals_returnsTrueIfNamesAreTheSame_true" classname="NormalAnimalTest" time="0.017">
    <error message="Could not acquire a connection from DataSource - FATAL: password authentication failed for user &quot;billyayiera&quot;" type="org.sql2o.Sql2oException">org.sql2o.Sql2oException: Could not acquire a connection from DataSource - FATAL: password authentication failed for user "billyayiera"
Caused by: org.postgresql.util.PSQLException: FATAL: password authentication failed for user "billyayiera"
</error>
  </testcase>
  <testcase name="id_assignIdToSpecificInstance" classname="NormalAnimalTest" time="0.027">
    <error message="Could not acquire a connection from DataSource - FATAL: password authentication failed for user &quot;billyayiera&quot;" type="org.sql2o.Sql2oException">org.sql2o.Sql2oException: Could not acquire a connection from DataSource - FATAL: password authentication failed for user "billyayiera"
Caused by: org.postgresql.util.PSQLException: FATAL: password authentication failed for user "billyayiera"
</error>
  </testcase>
</testsuite>